{"database":"mongodb://127.0.0.1:27017/sandbox_scheduler","environment":"development","level":"info","message":"MongoDB connected successfully","timestamp":"2025-09-06 04:40:57:4057"}
{"environment":"development","healthCheck":"http://localhost:4000/health","level":"info","message":"Server started successfully","nodeVersion":"v22.12.0","pid":38807,"port":4000,"timestamp":"2025-09-06 04:40:57:4057"}
{"database":"mongodb://127.0.0.1:27017/sandbox_scheduler","environment":"development","level":"info","message":"MongoDB connected successfully","timestamp":"2025-09-06 04:41:14:4114"}
{"environment":"development","healthCheck":"http://localhost:4000/health","level":"info","message":"Server started successfully","nodeVersion":"v22.12.0","pid":38872,"port":4000,"timestamp":"2025-09-06 04:41:14:4114"}
{"database":"mongodb://127.0.0.1:27017/sandbox_scheduler","environment":"development","level":"info","message":"MongoDB connected successfully","timestamp":"2025-09-06 04:46:27:4627"}
{"environment":"development","healthCheck":"http://localhost:4000/health","level":"info","message":"Server started successfully","nodeVersion":"v22.12.0","pid":39850,"port":4000,"timestamp":"2025-09-06 04:46:27:4627"}
{"database":"mongodb://127.0.0.1:27017/sandbox_scheduler","environment":"development","level":"info","message":"MongoDB connected successfully","timestamp":"2025-09-06 04:46:52:4652"}
{"environment":"development","healthCheck":"http://localhost:4000/health","level":"info","message":"Server started successfully","nodeVersion":"v22.12.0","pid":40035,"port":4000,"timestamp":"2025-09-06 04:46:52:4652"}
{"database":"mongodb://127.0.0.1:27017/sandbox_scheduler","environment":"development","level":"info","message":"MongoDB connected successfully","timestamp":"2025-09-06 04:47:13:4713"}
{"environment":"development","healthCheck":"http://localhost:4000/health","level":"info","message":"Server started successfully","nodeVersion":"v22.12.0","pid":40163,"port":4000,"timestamp":"2025-09-06 04:47:13:4713"}
{"database":"mongodb://127.0.0.1:27017/sandbox_scheduler","environment":"development","level":"info","message":"MongoDB connected successfully","timestamp":"2025-09-06 04:48:07:487"}
{"environment":"development","healthCheck":"http://localhost:4000/health","level":"info","message":"Server started successfully","nodeVersion":"v22.12.0","pid":40319,"port":4000,"timestamp":"2025-09-06 04:48:07:487"}
{"database":"mongodb://127.0.0.1:27017/sandbox_scheduler","environment":"development","level":"info","message":"MongoDB connected successfully","timestamp":"2025-09-06 04:49:16:4916"}
{"environment":"development","healthCheck":"http://localhost:4000/health","level":"info","message":"Server started successfully","nodeVersion":"v22.12.0","pid":40391,"port":4000,"timestamp":"2025-09-06 04:49:16:4916"}
{"database":"mongodb://127.0.0.1:27017/sandbox_scheduler","environment":"development","level":"info","message":"MongoDB connected successfully","timestamp":"2025-09-06 04:49:34:4934"}
{"environment":"development","healthCheck":"http://localhost:4000/health","level":"info","message":"Server started successfully","nodeVersion":"v22.12.0","pid":40432,"port":4000,"timestamp":"2025-09-06 04:49:34:4934"}
{"level":"info","message":"SIGINT received. Shutting down gracefully...","signal":"SIGINT","timestamp":"2025-09-06 04:56:44:5644","uptime":430.812761955}
{"database":"mongodb://127.0.0.1:27017/sandbox_scheduler","environment":"development","level":"info","message":"MongoDB connected successfully","timestamp":"2025-09-08 18:21:34:2134"}
{"environment":"development","healthCheck":"http://localhost:4001/health","level":"info","message":"Server started successfully","nodeVersion":"v22.12.0","pid":71080,"port":4001,"timestamp":"2025-09-08 18:21:34:2134"}
{"database":"mongodb://127.0.0.1:27017/sandbox_scheduler","environment":"development","level":"info","message":"MongoDB connected successfully","timestamp":"2025-09-08 18:24:29:2429"}
{"environment":"development","healthCheck":"http://localhost:4001/health","level":"info","message":"Server started successfully","nodeVersion":"v22.12.0","pid":71260,"port":4001,"timestamp":"2025-09-08 18:24:29:2429"}
{"database":"mongodb://127.0.0.1:27017/sandbox_scheduler","environment":"development","level":"info","message":"MongoDB connected successfully","timestamp":"2025-09-08 18:24:58:2458"}
{"environment":"development","healthCheck":"http://localhost:4001/health","level":"info","message":"Server started successfully","nodeVersion":"v22.12.0","pid":71317,"port":4001,"timestamp":"2025-09-08 18:24:58:2458"}
{"level":"http","message":"GET /api/providers - 200 - 12.14","method":"GET","requestId":"eaa184fb-c3ab-4821-9ef9-894e92f3829c","responseTime":12.14,"statusCode":200,"timestamp":"2025-09-08 18:27:12:2712","url":"/api/providers"}
{"level":"http","message":"GET /api/patients - 200 - 25.09","method":"GET","requestId":"9a4a9de2-1c8e-4c77-97d0-24dd13dad6d1","responseTime":25.09,"statusCode":200,"timestamp":"2025-09-08 18:27:21:2721","url":"/api/patients"}
{"level":"http","message":"GET /api/bookings - 200 - 30.17","method":"GET","requestId":"eb074467-0825-42e5-8863-19ee782121d7","responseTime":30.17,"statusCode":200,"timestamp":"2025-09-08 18:27:29:2729","url":"/api/bookings"}
{"level":"http","message":"GET /api/providers - 200 - 3.28","method":"GET","requestId":"8f0f83be-c103-4e1c-ae88-4c1e65f463fa","responseTime":3.28,"statusCode":200,"timestamp":"2025-09-08 18:32:46:3246","url":"/api/providers"}
{"level":"http","message":"GET /api/patients - 200 - 128.56","method":"GET","requestId":"afca60ef-44ac-49c4-a6ef-5e592de94d6a","responseTime":128.56,"statusCode":200,"timestamp":"2025-09-08 18:32:46:3246","url":"/api/patients"}
{"level":"http","message":"GET /api/providers/68becd77851b550e2c452823/availability?from=2025-09-08T00:00:00.000Z&to=2025-09-15T23:59:59.999Z - 200 - 163.32","method":"GET","requestId":"992bf192-39a0-4fdc-9101-8c776859630f","responseTime":163.32,"statusCode":200,"timestamp":"2025-09-08 18:32:46:3246","url":"/api/providers/68becd77851b550e2c452823/availability?from=2025-09-08T00:00:00.000Z&to=2025-09-15T23:59:59.999Z"}
{"database":"mongodb://127.0.0.1:27017/sandbox_scheduler","environment":"development","level":"info","message":"MongoDB connected successfully","timestamp":"2025-09-08 18:33:41:3341"}
{"environment":"development","healthCheck":"http://localhost:4001/health","level":"info","message":"Server started successfully","nodeVersion":"v22.12.0","pid":71928,"port":4001,"timestamp":"2025-09-08 18:33:41:3341"}
{"level":"http","message":"GET /api/providers - 200 - 18.30","method":"GET","requestId":"b1f3d446-8831-4ed9-98e7-9f158dc3e7af","responseTime":18.3,"statusCode":200,"timestamp":"2025-09-08 18:36:10:3610","url":"/api/providers"}
{"level":"http","message":"GET /api/patients - 200 - 90.65","method":"GET","requestId":"d6a11526-644e-4d76-abb8-21187fa2a8d9","responseTime":90.65,"statusCode":200,"timestamp":"2025-09-08 18:36:10:3610","url":"/api/patients"}
{"level":"http","message":"GET /api/providers/68becd77851b550e2c452823/availability?from=2025-09-08T00:00:00.000Z&to=2025-09-15T23:59:59.999Z - 200 - 91.56","method":"GET","requestId":"9faa0255-c03b-4970-84cf-39e1d49dcd4d","responseTime":91.56,"statusCode":200,"timestamp":"2025-09-08 18:36:10:3610","url":"/api/providers/68becd77851b550e2c452823/availability?from=2025-09-08T00:00:00.000Z&to=2025-09-15T23:59:59.999Z"}
{"level":"http","message":"GET /api/providers/68bed995372ae02b4e11074c/availability?from=2025-09-08T00:00:00.000Z&to=2025-09-15T23:59:59.999Z - 200 - 34.16","method":"GET","requestId":"0280b980-5ba4-4c64-8775-9f3b83c9f2b9","responseTime":34.16,"statusCode":200,"timestamp":"2025-09-08 18:37:25:3725","url":"/api/providers/68bed995372ae02b4e11074c/availability?from=2025-09-08T00:00:00.000Z&to=2025-09-15T23:59:59.999Z"}
{"level":"http","message":"GET /api/providers - 200 - 13.19","method":"GET","requestId":"f6d21661-3473-476a-af0f-0450441089bd","responseTime":13.19,"statusCode":200,"timestamp":"2025-09-08 18:37:28:3728","url":"/api/providers"}
{"level":"http","message":"GET /api/patients - 200 - 9.54","method":"GET","requestId":"4de8c29b-4705-48f6-8722-403d422fdaeb","responseTime":9.54,"statusCode":200,"timestamp":"2025-09-08 18:37:28:3728","url":"/api/patients"}
{"level":"http","message":"GET /api/providers/68becd77851b550e2c452823/availability?from=2025-09-08T00:00:00.000Z&to=2025-09-15T23:59:59.999Z - 200 - 19.91","method":"GET","requestId":"afac49d1-06cc-4a61-b4db-e82b3ea3bec3","responseTime":19.91,"statusCode":200,"timestamp":"2025-09-08 18:37:28:3728","url":"/api/providers/68becd77851b550e2c452823/availability?from=2025-09-08T00:00:00.000Z&to=2025-09-15T23:59:59.999Z"}
{"level":"http","message":"GET /api/providers/68bedb60e85d509e3aaca2ff/availability?from=2025-09-08T00:00:00.000Z&to=2025-09-15T23:59:59.999Z - 200 - 33.91","method":"GET","requestId":"c2947606-e5f0-40b4-b875-db2d3e1deafa","responseTime":33.91,"statusCode":200,"timestamp":"2025-09-08 18:37:56:3756","url":"/api/providers/68bedb60e85d509e3aaca2ff/availability?from=2025-09-08T00:00:00.000Z&to=2025-09-15T23:59:59.999Z"}
{"level":"http","message":"GET /api/providers - 200 - 4.44","method":"GET","requestId":"653d47ac-38d3-4778-bcb4-f71f201315e3","responseTime":4.44,"statusCode":200,"timestamp":"2025-09-08 18:38:06:386","url":"/api/providers"}
{"level":"http","message":"GET /api/providers/68becd77851b550e2c452823/availability?from=2025-09-08T00:00:00.000Z&to=2025-09-15T23:59:59.999Z - 200 - 27.54","method":"GET","requestId":"bc46a3dc-8d8d-45a7-87b2-8efc3145c6c4","responseTime":27.54,"statusCode":200,"timestamp":"2025-09-08 18:38:06:386","url":"/api/providers/68becd77851b550e2c452823/availability?from=2025-09-08T00:00:00.000Z&to=2025-09-15T23:59:59.999Z"}
{"level":"http","message":"GET /api/patients - 200 - 32.82","method":"GET","requestId":"eebc49f1-53ea-4917-a97e-16e89a25e9c0","responseTime":32.82,"statusCode":200,"timestamp":"2025-09-08 18:38:06:386","url":"/api/patients"}
{"level":"http","message":"GET /api/providers/68bedb60e85d509e3aaca2ff/availability?from=2025-09-08T00:00:00.000Z&to=2025-09-15T23:59:59.999Z - 200 - 32.17","method":"GET","requestId":"03ba64db-9787-4e8a-99a5-72d4175a8e1e","responseTime":32.17,"statusCode":200,"timestamp":"2025-09-08 18:38:08:388","url":"/api/providers/68bedb60e85d509e3aaca2ff/availability?from=2025-09-08T00:00:00.000Z&to=2025-09-15T23:59:59.999Z"}
{"level":"http","message":"GET /api/providers - 200 - 1.82","method":"GET","requestId":"ac404ec7-ae5d-4600-9312-1ff50e3f2507","responseTime":1.82,"statusCode":200,"timestamp":"2025-09-08 18:44:17:4417","url":"/api/providers"}
{"level":"http","message":"GET /api/patients - 200 - 4.57","method":"GET","requestId":"d99aef93-985e-4025-bafc-9694cea39c00","responseTime":4.57,"statusCode":200,"timestamp":"2025-09-08 18:44:17:4417","url":"/api/patients"}
{"level":"http","message":"GET /api/providers/68becd77851b550e2c452823/availability?from=2025-09-07T00:00:00.000Z&to=2025-09-28T23:59:59.999Z - 200 - 15.56","method":"GET","requestId":"2c695003-4aa1-4202-9d76-c3a8e7a33f4a","responseTime":15.56,"statusCode":200,"timestamp":"2025-09-08 18:44:17:4417","url":"/api/providers/68becd77851b550e2c452823/availability?from=2025-09-07T00:00:00.000Z&to=2025-09-28T23:59:59.999Z"}
{"level":"http","message":"GET /api/patients - 200 - 3.90","method":"GET","requestId":"317d9ccf-7d18-40d5-b553-ae74ecf3249a","responseTime":3.9,"statusCode":200,"timestamp":"2025-09-08 18:44:17:4417","url":"/api/patients"}
{"level":"http","message":"GET /api/providers/68becd77851b550e2c452823/availability?from=2025-09-14T00:00:00.000Z&to=2025-10-05T23:59:59.999Z - 200 - 16.69","method":"GET","requestId":"874203fb-442f-45dc-a25c-17552da8e1c8","responseTime":16.69,"statusCode":200,"timestamp":"2025-09-08 18:44:36:4436","url":"/api/providers/68becd77851b550e2c452823/availability?from=2025-09-14T00:00:00.000Z&to=2025-10-05T23:59:59.999Z"}
{"level":"http","message":"GET /api/providers/68becd77851b550e2c452823/availability?from=2025-09-07T00:00:00.000Z&to=2025-09-28T23:59:59.999Z - 200 - 12.58","method":"GET","requestId":"70bfbe5b-858f-4108-b81f-416993bd3eb2","responseTime":12.58,"statusCode":200,"timestamp":"2025-09-08 18:44:38:4438","url":"/api/providers/68becd77851b550e2c452823/availability?from=2025-09-07T00:00:00.000Z&to=2025-09-28T23:59:59.999Z"}
{"level":"http","message":"GET /api/providers/68becd77851b550e2c452823/availability?from=2025-09-14T00:00:00.000Z&to=2025-10-05T23:59:59.999Z - 200 - 19.31","method":"GET","requestId":"27ef1659-ea62-4e8e-ba2e-6c00ff5879e4","responseTime":19.31,"statusCode":200,"timestamp":"2025-09-08 18:44:51:4451","url":"/api/providers/68becd77851b550e2c452823/availability?from=2025-09-14T00:00:00.000Z&to=2025-10-05T23:59:59.999Z"}
{"level":"http","message":"GET /api/providers/68becd77851b550e2c452823/availability?from=2025-09-21T00:00:00.000Z&to=2025-10-12T23:59:59.999Z - 200 - 31.14","method":"GET","requestId":"3fb252a6-1a47-4ef6-86d1-340baf4ac4e5","responseTime":31.14,"statusCode":200,"timestamp":"2025-09-08 18:44:54:4454","url":"/api/providers/68becd77851b550e2c452823/availability?from=2025-09-21T00:00:00.000Z&to=2025-10-12T23:59:59.999Z"}
{"level":"http","message":"GET /api/providers/68becd77851b550e2c452823/availability?from=2025-09-28T00:00:00.000Z&to=2025-10-19T23:59:59.999Z - 200 - 22.39","method":"GET","requestId":"54e2ad31-7eb0-4642-bcd6-328276c7041c","responseTime":22.39,"statusCode":200,"timestamp":"2025-09-08 18:44:56:4456","url":"/api/providers/68becd77851b550e2c452823/availability?from=2025-09-28T00:00:00.000Z&to=2025-10-19T23:59:59.999Z"}
{"level":"http","message":"GET /api/providers/68becd77851b550e2c452823/availability?from=2025-10-05T00:00:00.000Z&to=2025-10-26T23:59:59.999Z - 200 - 15.65","method":"GET","requestId":"723f8d10-906f-4c41-8c54-cca1919dd844","responseTime":15.65,"statusCode":200,"timestamp":"2025-09-08 18:44:57:4457","url":"/api/providers/68becd77851b550e2c452823/availability?from=2025-10-05T00:00:00.000Z&to=2025-10-26T23:59:59.999Z"}
{"level":"http","message":"GET /api/providers/68becd77851b550e2c452823/availability?from=2025-09-28T00:00:00.000Z&to=2025-10-19T23:59:59.999Z - 200 - 12.83","method":"GET","requestId":"c0c1090e-9013-4d91-907d-08358f3107c9","responseTime":12.83,"statusCode":200,"timestamp":"2025-09-08 18:45:05:455","url":"/api/providers/68becd77851b550e2c452823/availability?from=2025-09-28T00:00:00.000Z&to=2025-10-19T23:59:59.999Z"}
{"level":"http","message":"GET /api/providers/68becd77851b550e2c452823/availability?from=2025-09-21T00:00:00.000Z&to=2025-10-12T23:59:59.999Z - 200 - 12.22","method":"GET","requestId":"3c6d4e69-5192-42ae-ba69-c5be87ff005f","responseTime":12.22,"statusCode":200,"timestamp":"2025-09-08 18:45:06:456","url":"/api/providers/68becd77851b550e2c452823/availability?from=2025-09-21T00:00:00.000Z&to=2025-10-12T23:59:59.999Z"}
{"level":"http","message":"GET /api/providers/68becd77851b550e2c452823/availability?from=2025-09-14T00:00:00.000Z&to=2025-10-05T23:59:59.999Z - 200 - 33.03","method":"GET","requestId":"2ee70349-1e9e-4c72-9f05-4b7239c35c9c","responseTime":33.03,"statusCode":200,"timestamp":"2025-09-08 18:45:07:457","url":"/api/providers/68becd77851b550e2c452823/availability?from=2025-09-14T00:00:00.000Z&to=2025-10-05T23:59:59.999Z"}
{"level":"http","message":"GET /api/providers/68bedb60e85d509e3aaca2ff/availability?from=2025-09-14T10:00:00.000Z&to=2025-10-06T09:59:59.999Z - 200 - 43.79","method":"GET","requestId":"1f6eda91-fa1e-4129-97dd-3085fcc48945","responseTime":43.79,"statusCode":200,"timestamp":"2025-09-08 18:45:15:4515","url":"/api/providers/68bedb60e85d509e3aaca2ff/availability?from=2025-09-14T10:00:00.000Z&to=2025-10-06T09:59:59.999Z"}
{"level":"http","message":"GET /api/providers/68bedb60e85d509e3aaca2ff/availability?from=2025-09-21T10:00:00.000Z&to=2025-10-13T09:59:59.999Z - 200 - 37.25","method":"GET","requestId":"f6dbfbe8-7198-475a-bb33-a811e6fe8ca0","responseTime":37.25,"statusCode":200,"timestamp":"2025-09-08 18:45:18:4518","url":"/api/providers/68bedb60e85d509e3aaca2ff/availability?from=2025-09-21T10:00:00.000Z&to=2025-10-13T09:59:59.999Z"}
{"level":"http","message":"GET /api/providers/68bedb60e85d509e3aaca2ff/availability?from=2025-09-14T10:00:00.000Z&to=2025-10-06T09:59:59.999Z - 200 - 39.71","method":"GET","requestId":"75292796-0b68-4488-a77d-78bf9a349e93","responseTime":39.71,"statusCode":200,"timestamp":"2025-09-08 18:45:19:4519","url":"/api/providers/68bedb60e85d509e3aaca2ff/availability?from=2025-09-14T10:00:00.000Z&to=2025-10-06T09:59:59.999Z"}
{"level":"http","message":"GET /api/providers/68bedb60e85d509e3aaca2ff/availability?from=2025-09-07T10:00:00.000Z&to=2025-09-29T09:59:59.999Z - 200 - 52.18","method":"GET","requestId":"df842612-0326-496a-bfd6-c972b6a68d08","responseTime":52.18,"statusCode":200,"timestamp":"2025-09-08 18:45:20:4520","url":"/api/providers/68bedb60e85d509e3aaca2ff/availability?from=2025-09-07T10:00:00.000Z&to=2025-09-29T09:59:59.999Z"}
{"level":"http","message":"OPTIONS /api/bookings - 204 - 0.94","method":"OPTIONS","requestId":"dce16ece-8599-4f06-ad98-96e3d9a984b7","responseTime":0.94,"statusCode":204,"timestamp":"2025-09-08 18:45:32:4532","url":"/api/bookings"}
{"level":"http","message":"POST /api/bookings - 201 - 55.66","method":"POST","requestId":"2ff97329-19d7-406e-a45b-9cf50dfa7ab2","responseTime":55.66,"statusCode":201,"timestamp":"2025-09-08 18:45:32:4532","url":"/api/bookings"}
{"level":"http","message":"GET /api/providers/68bedb60e85d509e3aaca2ff/availability?from=2025-09-07T10:00:00.000Z&to=2025-09-29T09:59:59.999Z - 200 - 41.85","method":"GET","requestId":"26ab275f-a1c1-40b9-812b-5104f056bfd9","responseTime":41.85,"statusCode":200,"timestamp":"2025-09-08 18:45:34:4534","url":"/api/providers/68bedb60e85d509e3aaca2ff/availability?from=2025-09-07T10:00:00.000Z&to=2025-09-29T09:59:59.999Z"}
{"level":"http","message":"GET /api/providers/68bedb60e85d509e3aaca2ff/availability?from=2025-09-14T10:00:00.000Z&to=2025-10-06T09:59:59.999Z - 200 - 57.66","method":"GET","requestId":"cba75cc6-0674-4e0b-bac5-c5ee3dbab3da","responseTime":57.66,"statusCode":200,"timestamp":"2025-09-08 18:45:40:4540","url":"/api/providers/68bedb60e85d509e3aaca2ff/availability?from=2025-09-14T10:00:00.000Z&to=2025-10-06T09:59:59.999Z"}
{"level":"http","message":"GET /api/providers/68bedb60e85d509e3aaca2ff/availability?from=2025-09-07T10:00:00.000Z&to=2025-09-29T09:59:59.999Z - 200 - 43.51","method":"GET","requestId":"e8bfee19-d734-4150-839e-e0f3928eb6e9","responseTime":43.51,"statusCode":200,"timestamp":"2025-09-08 18:45:41:4541","url":"/api/providers/68bedb60e85d509e3aaca2ff/availability?from=2025-09-07T10:00:00.000Z&to=2025-09-29T09:59:59.999Z"}
{"level":"http","message":"GET /api/patients - 200 - 24.46","method":"GET","requestId":"15af7f36-9cd7-4f42-b48f-98422923d448","responseTime":24.46,"statusCode":200,"timestamp":"2025-09-08 18:46:10:4610","url":"/api/patients"}
{"level":"http","message":"GET /api/providers/68bedb60e85d509e3aaca2ff/availability?from=2025-09-07T10:00:00.000Z&to=2025-09-29T09:59:59.999Z - 200 - 61.28","method":"GET","requestId":"0c9f19b5-a403-4d62-b736-2e16cb163de7","responseTime":61.28,"statusCode":200,"timestamp":"2025-09-08 18:46:10:4610","url":"/api/providers/68bedb60e85d509e3aaca2ff/availability?from=2025-09-07T10:00:00.000Z&to=2025-09-29T09:59:59.999Z"}
{"level":"info","memoryUsage":{"arrayBuffers":18272276,"external":20631370,"heapTotal":32899072,"heapUsed":24169832,"rss":93245440},"message":"Health check accessed","requestId":"8772d4e8-0af6-43bb-bc3f-4dd43dec70f2","timestamp":"2025-09-08 18:46:32:4632","uptime":771.181372945}
{"level":"http","message":"GET /health - 200 - 1.16","method":"GET","requestId":"8772d4e8-0af6-43bb-bc3f-4dd43dec70f2","responseTime":1.16,"statusCode":200,"timestamp":"2025-09-08 18:46:32:4632","url":"/health"}
{"level":"http","message":"GET /api/providers - 200 - 2.01","method":"GET","requestId":"e7da25a9-0046-4c39-bca4-c336d8b23500","responseTime":2.01,"statusCode":200,"timestamp":"2025-09-08 18:46:45:4645","url":"/api/providers"}
{"level":"http","message":"GET /api/providers - 200 - 1.72","method":"GET","requestId":"deabef9c-2692-4af8-a26a-42744d937795","responseTime":1.72,"statusCode":200,"timestamp":"2025-09-08 18:47:01:471","url":"/api/providers"}
{"level":"http","message":"GET /api/providers/68bed995372ae02b4e11074c/availability?from=2025-09-09T00:00:00.000Z&to=2025-09-15T23:59:59.999Z - 200 - 16.72","method":"GET","requestId":"cd39f659-03d5-4d8c-9cec-4b4567802a6c","responseTime":16.72,"statusCode":200,"timestamp":"2025-09-08 18:47:01:471","url":"/api/providers/68bed995372ae02b4e11074c/availability?from=2025-09-09T00:00:00.000Z&to=2025-09-15T23:59:59.999Z"}
{"level":"http","message":"GET /api/patients - 200 - 3.52","method":"GET","requestId":"e731e56c-9cf7-4201-8999-ee552ee86473","responseTime":3.52,"statusCode":200,"timestamp":"2025-09-08 18:47:16:4716","url":"/api/patients"}
